<?xml version="1.0" encoding="UTF-8"?>
<testsuite name="JUnit Jupiter" tests="23" skipped="0" failures="0" errors="0" time="4.238" hostname="LAPTOP-MLNTQEKO" timestamp="2023-09-02T19:02:43">
<properties>
[...]
</properties>
<testcase name="testMoveUp()" classname="test.GiocoTest" time="0.006">
<system-out><![CDATA[
unique-id: [engine:junit-jupiter]/[class:test.GiocoTest]/[method:testMoveUp()]
display-name: testMoveUp()
]]></system-out>
</testcase>
<testcase name="testSomethingSaved()" classname="test.GiocoTest" time="0.309">
<system-out><![CDATA[
unique-id: [engine:junit-jupiter]/[class:test.GiocoTest]/[method:testSomethingSaved()]
display-name: testSomethingSaved()
]]></system-out>
</testcase>
<testcase name="testGetPezzoByPosizione()" classname="test.GiocoTest" time="0.003">
<system-out><![CDATA[
unique-id: [engine:junit-jupiter]/[class:test.GiocoTest]/[method:testGetPezzoByPosizione()]
display-name: testGetPezzoByPosizione()
]]></system-out>
</testcase>
<testcase name="testMoveRight()" classname="test.GiocoTest" time="0.005">
<system-out><![CDATA[
unique-id: [engine:junit-jupiter]/[class:test.GiocoTest]/[method:testMoveRight()]
display-name: testMoveRight()
]]></system-out>
</testcase>
<testcase name="testPartitaSalvata()" classname="test.GiocoTest" time="0.082">
<system-out><![CDATA[
unique-id: [engine:junit-jupiter]/[class:test.GiocoTest]/[method:testPartitaSalvata()]
display-name: testPartitaSalvata()
]]></system-out>
</testcase>
<testcase name="testRemoveAllPieces()" classname="test.GiocoTest" time="0.002">
<system-out><![CDATA[
unique-id: [engine:junit-jupiter]/[class:test.GiocoTest]/[method:testRemoveAllPieces()]
display-name: testRemoveAllPieces()
]]></system-out>
</testcase>
<testcase name="testGetGioco()" classname="test.GiocoTest" time="0.009">
<system-out><![CDATA[
unique-id: [engine:junit-jupiter]/[class:test.GiocoTest]/[method:testGetGioco()]
display-name: testGetGioco()
]]></system-out>
</testcase>
<testcase name="testGetScene()" classname="test.ChoiceSceneTest" time="0.115">
<system-out><![CDATA[
unique-id: [engine:junit-jupiter]/[class:test.ChoiceSceneTest]/[method:testGetScene()]
display-name: testGetScene()
]]></system-out>
</testcase>
<testcase name="testToString()" classname="test.MossaTest" time="0.006">
<system-out><![CDATA[
unique-id: [engine:junit-jupiter]/[class:test.MossaTest]/[method:testToString()]
display-name: testToString()
]]></system-out>
</testcase>
<testcase name="testReset()" classname="test.GiocoTest" time="3.082">
<system-out><![CDATA[
unique-id: [engine:junit-jupiter]/[class:test.GiocoTest]/[method:testReset()]
display-name: testReset()
]]></system-out>
</testcase>
<testcase name="testIncrementCounter()" classname="test.GameSceneTest" time="0.001">
<system-out><![CDATA[
unique-id: [engine:junit-jupiter]/[class:test.GameSceneTest]/[method:testIncrementCounter()]
display-name: testIncrementCounter()
]]></system-out>
</testcase>
<testcase name="testAddPezzo()" classname="test.GiocoTest" time="0.005">
<system-out><![CDATA[
unique-id: [engine:junit-jupiter]/[class:test.GiocoTest]/[method:testAddPezzo()]
display-name: testAddPezzo()
]]></system-out>
</testcase>
<testcase name="testUndo()" classname="test.GiocoTest" time="0.008">
<system-out><![CDATA[
unique-id: [engine:junit-jupiter]/[class:test.GiocoTest]/[method:testUndo()]
display-name: testUndo()
]]></system-out>
</testcase>
<testcase name="testGetGridPane()" classname="test.GiocoTest" time="0.003">
<system-out><![CDATA[
unique-id: [engine:junit-jupiter]/[class:test.GiocoTest]/[method:testGetGridPane()]
display-name: testGetGridPane()
]]></system-out>
</testcase>
<testcase name="testIsEmpty()" classname="test.GiocoTest" time="0.002">
<system-out><![CDATA[
unique-id: [engine:junit-jupiter]/[class:test.GiocoTest]/[method:testIsEmpty()]
display-name: testIsEmpty()
]]></system-out>
</testcase>
<testcase name="testGetScene()" classname="test.GameSceneTest" time="0.055">
<system-out><![CDATA[
unique-id: [engine:junit-jupiter]/[class:test.GameSceneTest]/[method:testGetScene()]
display-name: testGetScene()
]]></system-out>
</testcase>
<testcase name="testMoveDown()" classname="test.GiocoTest" time="0.007">
<system-out><![CDATA[
unique-id: [engine:junit-jupiter]/[class:test.GiocoTest]/[method:testMoveDown()]
display-name: testMoveDown()
]]></system-out>
</testcase>
<testcase name="testApplicationMenu()" classname="test.ApplicationMenuTest" time="0.002">
<system-out><![CDATA[
unique-id: [engine:junit-jupiter]/[class:test.ApplicationMenuTest]/[method:testApplicationMenu()]
display-name: testApplicationMenu()
]]></system-out>
</testcase>
<testcase name="testGetScene()" classname="test.HomeSceneTest" time="0.004">
<system-out><![CDATA[
unique-id: [engine:junit-jupiter]/[class:test.HomeSceneTest]/[method:testGetScene()]
display-name: testGetScene()
]]></system-out>
</testcase>
<testcase name="testMoveLeft()" classname="test.GiocoTest" time="0.005">
<system-out><![CDATA[
unique-id: [engine:junit-jupiter]/[class:test.GiocoTest]/[method:testMoveLeft()]
display-name: testMoveLeft()
]]></system-out>
</testcase>
<testcase name="testGetPosizionePezzo()" classname="test.GiocoTest" time="0.003">
<system-out><![CDATA[
unique-id: [engine:junit-jupiter]/[class:test.GiocoTest]/[method:testGetPosizionePezzo()]
display-name: testGetPosizionePezzo()
]]></system-out>
</testcase>
<testcase name="testSelectPiece()" classname="test.GiocoTest" time="0.003">
<system-out><![CDATA[
unique-id: [engine:junit-jupiter]/[class:test.GiocoTest]/[method:testSelectPiece()]
display-name: testSelectPiece()
]]></system-out>
</testcase>
<testcase name="testParamConstructorAndGetters()" classname="test.MossaTest" time="0.001">
<system-out><![CDATA[
unique-id: [engine:junit-jupiter]/[class:test.MossaTest]/[method:testParamConstructorAndGetters()]
display-name: testParamConstructorAndGetters()
]]></system-out>
</testcase>
<system-out><![CDATA[
unique-id: [engine:junit-jupiter]
display-name: JUnit Jupiter
]]></system-out>
</testsuite>
