<?xml version="1.0" encoding="UTF-8"?>
<testsuite name="JUnit Vintage" tests="5" skipped="0" failures="0" errors="0" time="0.139" hostname="LAPTOP-MLNTQEKO" timestamp="2023-09-02T19:02:44">
<properties>
[...]
</properties>
<testcase name="testParamConstructorAndGettersPezzo" classname="test.PezzoTest" time="0">
<system-out><![CDATA[
unique-id: [engine:junit-vintage]/[runner:test.PezzoTest]/[test:testParamConstructorAndGettersPezzo(test.PezzoTest)]
display-name: testParamConstructorAndGettersPezzo
]]></system-out>
</testcase>
<testcase name="testStartMethod" classname="test.MainTest" time="0.015">
<system-out><![CDATA[
unique-id: [engine:junit-vintage]/[runner:test.MainTest]/[test:testStartMethod(test.MainTest)]
display-name: testStartMethod
]]></system-out>
</testcase>
<testcase name="testEquals" classname="test.PosizioneTest" time="0">
<system-out><![CDATA[
unique-id: [engine:junit-vintage]/[runner:test.PosizioneTest]/[test:testEquals(test.PosizioneTest)]
display-name: testEquals
]]></system-out>
</testcase>
<testcase name="testParamConstructor" classname="test.PosizioneTest" time="0">
<system-out><![CDATA[
unique-id: [engine:junit-vintage]/[runner:test.PosizioneTest]/[test:testParamConstructor(test.PosizioneTest)]
display-name: testParamConstructor
]]></system-out>
</testcase>
<testcase name="testToStringPosizione" classname="test.PosizioneTest" time="0">
<system-out><![CDATA[
unique-id: [engine:junit-vintage]/[runner:test.PosizioneTest]/[test:testToStringPosizione(test.PosizioneTest)]
display-name: testToStringPosizione
]]></system-out>
</testcase>
<system-out><![CDATA[
unique-id: [engine:junit-vintage]
display-name: JUnit Vintage
]]></system-out>
</testsuite>
